# JRE version: OpenJDK Runtime Environment AdoptOpenJDK (11.0.10+9) (build 11.0.10+9)
# Java VM: OpenJDK 64-Bit Server VM AdoptOpenJDK (11.0.10+9, mixed mode, tiered, compressed oops, g1 gc, windows-amd64)
Heap:
 garbage-first heap   total 374784K, used 304165K [0x0000000702400000, 0x0000000800000000)
  region size 1024K, 157 young (160768K), 10 survivors (10240K)
 Metaspace       used 53470K, capacity 54951K, committed 55088K, reserved 1097728K
  class space    used 5925K, capacity 6481K, committed 6528K, reserved 1048576K
GC Heap History (20 events):
Event: 11.636 GC heap after
{Heap after GC invocations=14 (full 0):
 garbage-first heap   total 374784K, used 51971K [0x0000000702400000, 0x0000000800000000)
  region size 1024K, 13 young (13312K), 13 survivors (13312K)
 Metaspace       used 48153K, capacity 49271K, committed 49328K, reserved 1093632K
  class space    used 5414K, capacity 5841K, committed 5888K, reserved 1048576K
}
Event: 13.342 GC heap before
{Heap before GC invocations=14 (full 0):
 garbage-first heap   total 374784K, used 251651K [0x0000000702400000, 0x0000000800000000)
  region size 1024K, 208 young (212992K), 13 survivors (13312K)
 Metaspace       used 48619K, capacity 49776K, committed 49968K, reserved 1093632K
  class space    used 5470K, capacity 5898K, committed 6016K, reserved 1048576K
}
Event: 13.355 GC heap after
{Heap after GC invocations=15 (full 0):
 garbage-first heap   total 374784K, used 64771K [0x0000000702400000, 0x0000000800000000)
  region size 1024K, 26 young (26624K), 26 survivors (26624K)
 Metaspace       used 48619K, capacity 49776K, committed 49968K, reserved 1093632K
  class space    used 5470K, capacity 5898K, committed 6016K, reserved 1048576K
}
Event: 14.373 GC heap before
{Heap before GC invocations=15 (full 0):
 garbage-first heap   total 374784K, used 262403K [0x0000000702400000, 0x0000000800000000)
  region size 1024K, 219 young (224256K), 26 survivors (26624K)
 Metaspace       used 48675K, capacity 49844K, committed 49968K, reserved 1093632K
  class space    used 5470K, capacity 5898K, committed 6016K, reserved 1048576K
}
Event: 14.395 GC heap after
{Heap after GC invocations=16 (full 0):
 garbage-first heap   total 374784K, used 80896K [0x0000000702400000, 0x0000000800000000)
  region size 1024K, 28 young (28672K), 28 survivors (28672K)
 Metaspace       used 48675K, capacity 49844K, committed 49968K, reserved 1093632K
  class space    used 5470K, capacity 5898K, committed 6016K, reserved 1048576K
}
Event: 15.915 GC heap before
{Heap before GC invocations=16 (full 0):
 garbage-first heap   total 374784K, used 276480K [0x0000000702400000, 0x0000000800000000)
  region size 1024K, 219 young (224256K), 28 survivors (28672K)
 Metaspace       used 48735K, capacity 49910K, committed 50224K, reserved 1093632K
  class space    used 5470K, capacity 5898K, committed 6016K, reserved 1048576K
}
Event: 15.941 GC heap after
{Heap after GC invocations=17 (full 0):
 garbage-first heap   total 374784K, used 92158K [0x0000000702400000, 0x0000000800000000)
  region size 1024K, 11 young (11264K), 11 survivors (11264K)
 Metaspace       used 48735K, capacity 49910K, committed 50224K, reserved 1093632K
  class space    used 5470K, capacity 5898K, committed 6016K, reserved 1048576K
}
Event: 18.792 GC heap before
{Heap before GC invocations=17 (full 0):
 garbage-first heap   total 374784K, used 291838K [0x0000000702400000, 0x0000000800000000)
  region size 1024K, 206 young (210944K), 11 survivors (11264K)
 Metaspace       used 49161K, capacity 50351K, committed 50480K, reserved 1093632K
  class space    used 5511K, capacity 5959K, committed 6016K, reserved 1048576K
}
Event: 18.810 GC heap after
{Heap after GC invocations=18 (full 0):
 garbage-first heap   total 374784K, used 107006K [0x0000000702400000, 0x0000000800000000)
  region size 1024K, 26 young (26624K), 26 survivors (26624K)
 Metaspace       used 49161K, capacity 50351K, committed 50480K, reserved 1093632K
  class space    used 5511K, capacity 5959K, committed 6016K, reserved 1048576K
}
Event: 21.689 GC heap before
{Heap before GC invocations=18 (full 0):
 garbage-first heap   total 374784K, used 294398K [0x0000000702400000, 0x0000000800000000)
  region size 1024K, 209 young (214016K), 26 survivors (26624K)
 Metaspace       used 50701K, capacity 51969K, committed 52144K, reserved 1095680K
  class space    used 5667K, capacity 6134K, committed 6144K, reserved 1048576K
}
Event: 21.713 GC heap after
{Heap after GC invocations=19 (full 0):
 garbage-first heap   total 374784K, used 122368K [0x0000000702400000, 0x0000000800000000)
  region size 1024K, 15 young (15360K), 15 survivors (15360K)
 Metaspace       used 50701K, capacity 51969K, committed 52144K, reserved 1095680K
  class space    used 5667K, capacity 6134K, committed 6144K, reserved 1048576K
}
Event: 24.528 GC heap before
{Heap before GC invocations=19 (full 0):
 garbage-first heap   total 374784K, used 297472K [0x0000000702400000, 0x0000000800000000)
  region size 1024K, 184 young (188416K), 15 survivors (15360K)
 Metaspace       used 53428K, capacity 54945K, committed 55088K, reserved 1097728K
  class space    used 5925K, capacity 6481K, committed 6528K, reserved 1048576K
}
Event: 24.537 GC heap after
{Heap after GC invocations=20 (full 0):
 garbage-first heap   total 374784K, used 124416K [0x0000000702400000, 0x0000000800000000)
  region size 1024K, 5 young (5120K), 5 survivors (5120K)
 Metaspace       used 53428K, capacity 54945K, committed 55088K, reserved 1097728K
  class space    used 5925K, capacity 6481K, committed 6528K, reserved 1048576K
}
Event: 24.719 GC heap before
{Heap before GC invocations=20 (full 0):
 garbage-first heap   total 374784K, used 300544K [0x0000000702400000, 0x0000000800000000)
  region size 1024K, 177 young (181248K), 5 survivors (5120K)
 Metaspace       used 53430K, capacity 54946K, committed 55088K, reserved 1097728K
  class space    used 5925K, capacity 6481K, committed 6528K, reserved 1048576K
}
Event: 24.725 GC heap after
{Heap after GC invocations=21 (full 0):
 garbage-first heap   total 374784K, used 129536K [0x0000000702400000, 0x0000000800000000)
  region size 1024K, 10 young (10240K), 10 survivors (10240K)
 Metaspace       used 53430K, capacity 54946K, committed 55088K, reserved 1097728K
  class space    used 5925K, capacity 6481K, committed 6528K, reserved 1048576K
}
Event: 25.031 GC heap before
{Heap before GC invocations=21 (full 0):
 garbage-first heap   total 374784K, used 304640K [0x0000000702400000, 0x0000000800000000)
  region size 1024K, 181 young (185344K), 10 survivors (10240K)
 Metaspace       used 53460K, capacity 54951K, committed 55088K, reserved 1097728K
  class space    used 5925K, capacity 6481K, committed 6528K, reserved 1048576K
}
Event: 25.043 GC heap after
{Heap after GC invocations=22 (full 0):
 garbage-first heap   total 374784K, used 141725K [0x0000000702400000, 0x0000000800000000)
  region size 1024K, 22 young (22528K), 22 survivors (22528K)
 Metaspace       used 53460K, capacity 54951K, committed 55088K, reserved 1097728K
  class space    used 5925K, capacity 6481K, committed 6528K, reserved 1048576K
}
Event: 25.242 GC heap before
{Heap before GC invocations=22 (full 0):
 garbage-first heap   total 374784K, used 304541K [0x0000000702400000, 0x0000000800000000)
  region size 1024K, 181 young (185344K), 22 survivors (22528K)
 Metaspace       used 53467K, capacity 54951K, committed 55088K, reserved 1097728K
  class space    used 5925K, capacity 6481K, committed 6528K, reserved 1048576K
}
Event: 25.260 GC heap after
{Heap after GC invocations=23 (full 0):
 garbage-first heap   total 374784K, used 153637K [0x0000000702400000, 0x0000000800000000)
  region size 1024K, 23 young (23552K), 23 survivors (23552K)
 Metaspace       used 53467K, capacity 54951K, committed 55088K, reserved 1097728K
  class space    used 5925K, capacity 6481K, committed 6528K, reserved 1048576K
}
Event: 25.421 GC heap before
{Heap before GC invocations=23 (full 0):
 garbage-first heap   total 374784K, used 304165K [0x0000000702400000, 0x0000000800000000)
  region size 1024K, 170 young (174080K), 23 survivors (23552K)
 Metaspace       used 53470K, capacity 54951K, committed 55088K, reserved 1097728K
  class space    used 5925K, capacity 6481K, committed 6528K, reserved 1048576K
}

