# JRE version: OpenJDK Runtime Environment GraalVM CE 21.0.0.2 (11.0.10+8) (build 11.0.10+8-jvmci-21.0-b06)
# Java VM: OpenJDK 64-Bit Server VM GraalVM CE 21.0.0.2 (11.0.10+8-jvmci-21.0-b06, mixed mode, sharing, tiered, jvmci, jvmci compiler, compressed oops, g1 gc, windows-amd64)
Heap:
 garbage-first heap   total 582656K, used 308069K [0x0000000702400000, 0x0000000800000000)
  region size 1024K, 113 young (115712K), 32 survivors (32768K)
 Metaspace       used 53002K, capacity 54646K, committed 54864K, reserved 1097728K
  class space    used 5690K, capacity 6326K, committed 6400K, reserved 1048576K
GC Heap History (20 events):
Event: 12.114 GC heap before
{Heap before GC invocations=20 (full 0):
 garbage-first heap   total 374784K, used 289928K [0x0000000702400000, 0x0000000800000000)
  region size 1024K, 219 young (224256K), 23 survivors (23552K)
 Metaspace       used 43764K, capacity 45072K, committed 45264K, reserved 1089536K
  class space    used 4786K, capacity 5242K, committed 5248K, reserved 1048576K
}
Event: 12.138 GC heap after
{Heap after GC invocations=21 (full 0):
 garbage-first heap   total 374784K, used 104900K [0x0000000702400000, 0x0000000800000000)
  region size 1024K, 28 young (28672K), 28 survivors (28672K)
 Metaspace       used 43764K, capacity 45072K, committed 45264K, reserved 1089536K
  class space    used 4786K, capacity 5242K, committed 5248K, reserved 1048576K
}
Event: 12.405 GC heap before
{Heap before GC invocations=21 (full 0):
 garbage-first heap   total 374784K, used 295364K [0x0000000702400000, 0x0000000800000000)
  region size 1024K, 214 young (219136K), 28 survivors (28672K)
 Metaspace       used 43771K, capacity 45073K, committed 45264K, reserved 1089536K
  class space    used 4786K, capacity 5242K, committed 5248K, reserved 1048576K
}
Event: 12.436 GC heap after
{Heap after GC invocations=22 (full 0):
 garbage-first heap   total 374784K, used 115712K [0x0000000702400000, 0x0000000800000000)
  region size 1024K, 10 young (10240K), 10 survivors (10240K)
 Metaspace       used 43771K, capacity 45073K, committed 45264K, reserved 1089536K
  class space    used 4786K, capacity 5242K, committed 5248K, reserved 1048576K
}
Event: 12.849 GC heap before
{Heap before GC invocations=22 (full 0):
 garbage-first heap   total 374784K, used 299008K [0x0000000702400000, 0x0000000800000000)
  region size 1024K, 189 young (193536K), 10 survivors (10240K)
 Metaspace       used 44048K, capacity 45391K, committed 45648K, reserved 1089536K
  class space    used 4799K, capacity 5261K, committed 5376K, reserved 1048576K
}
Event: 12.867 GC heap after
{Heap after GC invocations=23 (full 0):
 garbage-first heap   total 485376K, used 128000K [0x0000000702400000, 0x0000000800000000)
  region size 1024K, 22 young (22528K), 22 survivors (22528K)
 Metaspace       used 44048K, capacity 45391K, committed 45648K, reserved 1089536K
  class space    used 4799K, capacity 5261K, committed 5376K, reserved 1048576K
}
Event: 14.248 GC heap before
{Heap before GC invocations=23 (full 0):
 garbage-first heap   total 485376K, used 356352K [0x0000000702400000, 0x0000000800000000)
  region size 1024K, 243 young (248832K), 22 survivors (22528K)
 Metaspace       used 46089K, capacity 47470K, committed 47568K, reserved 1091584K
  class space    used 4986K, capacity 5481K, committed 5504K, reserved 1048576K
}
Event: 14.271 GC heap after
{Heap after GC invocations=24 (full 0):
 garbage-first heap   total 485376K, used 145920K [0x0000000702400000, 0x0000000800000000)
  region size 1024K, 28 young (28672K), 28 survivors (28672K)
 Metaspace       used 46089K, capacity 47470K, committed 47568K, reserved 1091584K
  class space    used 4986K, capacity 5481K, committed 5504K, reserved 1048576K
}
Event: 17.401 GC heap before
{Heap before GC invocations=24 (full 0):
 garbage-first heap   total 485376K, used 370176K [0x0000000702400000, 0x0000000800000000)
  region size 1024K, 247 young (252928K), 28 survivors (28672K)
 Metaspace       used 48997K, capacity 50576K, committed 50768K, reserved 1093632K
  class space    used 5241K, capacity 5828K, committed 5888K, reserved 1048576K
}
Event: 17.418 GC heap after
{Heap after GC invocations=25 (full 0):
 garbage-first heap   total 485376K, used 146778K [0x0000000702400000, 0x0000000800000000)
  region size 1024K, 17 young (17408K), 17 survivors (17408K)
 Metaspace       used 48997K, capacity 50576K, committed 50768K, reserved 1093632K
  class space    used 5241K, capacity 5828K, committed 5888K, reserved 1048576K
}
Event: 17.643 GC heap before
{Heap before GC invocations=25 (full 0):
 garbage-first heap   total 485376K, used 379226K [0x0000000702400000, 0x0000000800000000)
  region size 1024K, 244 young (249856K), 17 survivors (17408K)
 Metaspace       used 48999K, capacity 50576K, committed 50768K, reserved 1093632K
  class space    used 5241K, capacity 5828K, committed 5888K, reserved 1048576K
}
Event: 17.648 GC heap after
{Heap after GC invocations=26 (full 0):
 garbage-first heap   total 485376K, used 137728K [0x0000000702400000, 0x0000000800000000)
  region size 1024K, 6 young (6144K), 6 survivors (6144K)
 Metaspace       used 48999K, capacity 50576K, committed 50768K, reserved 1093632K
  class space    used 5241K, capacity 5828K, committed 5888K, reserved 1048576K
}
Event: 18.166 GC heap before
{Heap before GC invocations=26 (full 0):
 garbage-first heap   total 485376K, used 393728K [0x0000000702400000, 0x0000000800000000)
  region size 1024K, 256 young (262144K), 6 survivors (6144K)
 Metaspace       used 49084K, capacity 50711K, committed 51024K, reserved 1095680K
  class space    used 5241K, capacity 5828K, committed 5888K, reserved 1048576K
}
Event: 18.179 GC heap after
{Heap after GC invocations=27 (full 0):
 garbage-first heap   total 485376K, used 151040K [0x0000000702400000, 0x0000000800000000)
  region size 1024K, 19 young (19456K), 19 survivors (19456K)
 Metaspace       used 49084K, capacity 50711K, committed 51024K, reserved 1095680K
  class space    used 5241K, capacity 5828K, committed 5888K, reserved 1048576K
}
Event: 18.562 GC heap before
{Heap before GC invocations=27 (full 0):
 garbage-first heap   total 485376K, used 391680K [0x0000000702400000, 0x0000000800000000)
  region size 1024K, 254 young (260096K), 19 survivors (19456K)
 Metaspace       used 49090K, capacity 50711K, committed 51024K, reserved 1095680K
  class space    used 5241K, capacity 5828K, committed 5888K, reserved 1048576K
}
Event: 18.588 GC heap after
{Heap after GC invocations=28 (full 0):
 garbage-first heap   total 485376K, used 168948K [0x0000000702400000, 0x0000000800000000)
  region size 1024K, 32 young (32768K), 32 survivors (32768K)
 Metaspace       used 49090K, capacity 50711K, committed 51024K, reserved 1095680K
  class space    used 5241K, capacity 5828K, committed 5888K, reserved 1048576K
}
Event: 19.011 GC heap before
{Heap before GC invocations=28 (full 0):
 garbage-first heap   total 485376K, used 390132K [0x0000000702400000, 0x0000000800000000)
  region size 1024K, 248 young (253952K), 32 survivors (32768K)
 Metaspace       used 49122K, capacity 50711K, committed 51024K, reserved 1095680K
  class space    used 5241K, capacity 5828K, committed 5888K, reserved 1048576K
}
Event: 19.037 GC heap after
{Heap after GC invocations=29 (full 0):
 garbage-first heap   total 582656K, used 181605K [0x0000000702400000, 0x0000000800000000)
  region size 1024K, 13 young (13312K), 13 survivors (13312K)
 Metaspace       used 49122K, capacity 50711K, committed 51024K, reserved 1095680K
  class space    used 5241K, capacity 5828K, committed 5888K, reserved 1048576K
}
Event: 20.508 GC heap before
{Heap before GC invocations=29 (full 0):
 garbage-first heap   total 582656K, used 451941K [0x0000000702400000, 0x0000000800000000)
  region size 1024K, 277 young (283648K), 13 survivors (13312K)
 Metaspace       used 50603K, capacity 52212K, committed 52432K, reserved 1095680K
  class space    used 5395K, capacity 6007K, committed 6016K, reserved 1048576K
}
Event: 20.527 GC heap after
{Heap after GC invocations=30 (full 0):
 garbage-first heap   total 582656K, used 201573K [0x0000000702400000, 0x0000000800000000)
  region size 1024K, 32 young (32768K), 32 survivors (32768K)
 Metaspace       used 50603K, capacity 52212K, committed 52432K, reserved 1095680K
  class space    used 5395K, capacity 6007K, committed 6016K, reserved 1048576K
}

