# JRE version: OpenJDK Runtime Environment GraalVM CE 21.0.0.2 (11.0.10+8) (build 11.0.10+8-jvmci-21.0-b06)
# Java VM: OpenJDK 64-Bit Server VM GraalVM CE 21.0.0.2 (11.0.10+8-jvmci-21.0-b06, mixed mode, sharing, tiered, jvmci, jvmci compiler, compressed oops, g1 gc, windows-amd64)
Heap:
 garbage-first heap   total 379904K, used 296448K [0x0000000702400000, 0x0000000800000000)
  region size 1024K, 211 young (216064K), 26 survivors (26624K)
 Metaspace       used 21837K, capacity 22589K, committed 22784K, reserved 1069056K
  class space    used 2174K, capacity 2453K, committed 2560K, reserved 1048576K
GC Heap History (20 events):
Event: 4.593 GC heap after
{Heap after GC invocations=6 (full 0):
 garbage-first heap   total 260096K, used 25540K [0x0000000702400000, 0x0000000800000000)
  region size 1024K, 16 young (16384K), 16 survivors (16384K)
 Metaspace       used 19755K, capacity 20424K, committed 20736K, reserved 1067008K
  class space    used 1985K, capacity 2247K, committed 2304K, reserved 1048576K
}
Event: 4.739 GC heap before
{Heap before GC invocations=6 (full 0):
 garbage-first heap   total 260096K, used 97220K [0x0000000702400000, 0x0000000800000000)
  region size 1024K, 87 young (89088K), 16 survivors (16384K)
 Metaspace       used 20356K, capacity 21065K, committed 21248K, reserved 1069056K
  class space    used 2035K, capacity 2290K, committed 2304K, reserved 1048576K
}
Event: 4.754 GC heap after
{Heap after GC invocations=7 (full 0):
 garbage-first heap   total 312320K, used 31701K [0x0000000702400000, 0x0000000800000000)
  region size 1024K, 7 young (7168K), 7 survivors (7168K)
 Metaspace       used 20356K, capacity 21065K, committed 21248K, reserved 1069056K
  class space    used 2035K, capacity 2290K, committed 2304K, reserved 1048576K
}
Event: 5.079 GC heap before
{Heap before GC invocations=8 (full 0):
 garbage-first heap   total 312320K, used 203733K [0x0000000702400000, 0x0000000800000000)
  region size 1024K, 175 young (179200K), 7 survivors (7168K)
 Metaspace       used 20745K, capacity 21446K, committed 21632K, reserved 1069056K
  class space    used 2069K, capacity 2332K, committed 2432K, reserved 1048576K
}
Event: 5.085 GC heap after
{Heap after GC invocations=9 (full 0):
 garbage-first heap   total 312320K, used 33237K [0x0000000702400000, 0x0000000800000000)
  region size 1024K, 8 young (8192K), 8 survivors (8192K)
 Metaspace       used 20745K, capacity 21446K, committed 21632K, reserved 1069056K
  class space    used 2069K, capacity 2332K, committed 2432K, reserved 1048576K
}
Event: 5.289 GC heap before
{Heap before GC invocations=9 (full 0):
 garbage-first heap   total 312320K, used 212437K [0x0000000702400000, 0x0000000800000000)
  region size 1024K, 183 young (187392K), 8 survivors (8192K)
 Metaspace       used 20778K, capacity 21510K, committed 21632K, reserved 1069056K
  class space    used 2069K, capacity 2332K, committed 2432K, reserved 1048576K
}
Event: 5.294 GC heap after
{Heap after GC invocations=10 (full 0):
 garbage-first heap   total 312320K, used 33968K [0x0000000702400000, 0x0000000800000000)
  region size 1024K, 9 young (9216K), 9 survivors (9216K)
 Metaspace       used 20778K, capacity 21510K, committed 21632K, reserved 1069056K
  class space    used 2069K, capacity 2332K, committed 2432K, reserved 1048576K
}
Event: 5.633 GC heap before
{Heap before GC invocations=10 (full 0):
 garbage-first heap   total 312320K, used 212144K [0x0000000702400000, 0x0000000800000000)
  region size 1024K, 183 young (187392K), 9 survivors (9216K)
 Metaspace       used 21023K, capacity 21688K, committed 21888K, reserved 1069056K
  class space    used 2110K, capacity 2368K, committed 2432K, reserved 1048576K
}
Event: 5.642 GC heap after
{Heap after GC invocations=11 (full 0):
 garbage-first heap   total 312320K, used 41207K [0x0000000702400000, 0x0000000800000000)
  region size 1024K, 16 young (16384K), 16 survivors (16384K)
 Metaspace       used 21023K, capacity 21688K, committed 21888K, reserved 1069056K
  class space    used 2110K, capacity 2368K, committed 2432K, reserved 1048576K
}
Event: 6.200 GC heap before
{Heap before GC invocations=11 (full 0):
 garbage-first heap   total 312320K, used 212215K [0x0000000702400000, 0x0000000800000000)
  region size 1024K, 183 young (187392K), 16 survivors (16384K)
 Metaspace       used 21798K, capacity 22586K, committed 22784K, reserved 1069056K
  class space    used 2173K, capacity 2452K, committed 2560K, reserved 1048576K
}
Event: 6.217 GC heap after
{Heap after GC invocations=12 (full 0):
 garbage-first heap   total 312320K, used 55158K [0x0000000702400000, 0x0000000800000000)
  region size 1024K, 23 young (23552K), 23 survivors (23552K)
 Metaspace       used 21798K, capacity 22586K, committed 22784K, reserved 1069056K
  class space    used 2173K, capacity 2452K, committed 2560K, reserved 1048576K
}
Event: 6.545 GC heap before
{Heap before GC invocations=12 (full 0):
 garbage-first heap   total 312320K, used 218998K [0x0000000702400000, 0x0000000800000000)
  region size 1024K, 183 young (187392K), 23 survivors (23552K)
 Metaspace       used 21805K, capacity 22589K, committed 22784K, reserved 1069056K
  class space    used 2174K, capacity 2453K, committed 2560K, reserved 1048576K
}
Event: 6.568 GC heap after
{Heap after GC invocations=13 (full 0):
 garbage-first heap   total 312320K, used 70376K [0x0000000702400000, 0x0000000800000000)
  region size 1024K, 15 young (15360K), 15 survivors (15360K)
 Metaspace       used 21805K, capacity 22589K, committed 22784K, reserved 1069056K
  class space    used 2174K, capacity 2453K, committed 2560K, reserved 1048576K
}
Event: 6.935 GC heap before
{Heap before GC invocations=13 (full 0):
 garbage-first heap   total 312320K, used 240360K [0x0000000702400000, 0x0000000800000000)
  region size 1024K, 181 young (185344K), 15 survivors (15360K)
 Metaspace       used 21812K, capacity 22589K, committed 22784K, reserved 1069056K
  class space    used 2174K, capacity 2453K, committed 2560K, reserved 1048576K
}
Event: 6.955 GC heap after
{Heap after GC invocations=14 (full 0):
 garbage-first heap   total 379904K, used 84992K [0x0000000702400000, 0x0000000800000000)
  region size 1024K, 15 young (15360K), 15 survivors (15360K)
 Metaspace       used 21812K, capacity 22589K, committed 22784K, reserved 1069056K
  class space    used 2174K, capacity 2453K, committed 2560K, reserved 1048576K
}
Event: 7.251 GC heap before
{Heap before GC invocations=14 (full 0):
 garbage-first heap   total 379904K, used 275456K [0x0000000702400000, 0x0000000800000000)
  region size 1024K, 201 young (205824K), 15 survivors (15360K)
 Metaspace       used 21816K, capacity 22589K, committed 22784K, reserved 1069056K
  class space    used 2174K, capacity 2453K, committed 2560K, reserved 1048576K
}
Event: 7.271 GC heap after
{Heap after GC invocations=15 (full 0):
 garbage-first heap   total 379904K, used 94208K [0x0000000702400000, 0x0000000800000000)
  region size 1024K, 10 young (10240K), 10 survivors (10240K)
 Metaspace       used 21816K, capacity 22589K, committed 22784K, reserved 1069056K
  class space    used 2174K, capacity 2453K, committed 2560K, reserved 1048576K
}
Event: 7.589 GC heap before
{Heap before GC invocations=15 (full 0):
 garbage-first heap   total 379904K, used 288768K [0x0000000702400000, 0x0000000800000000)
  region size 1024K, 200 young (204800K), 10 survivors (10240K)
 Metaspace       used 21824K, capacity 22589K, committed 22784K, reserved 1069056K
  class space    used 2174K, capacity 2453K, committed 2560K, reserved 1048576K
}
Event: 7.603 GC heap after
{Heap after GC invocations=16 (full 0):
 garbage-first heap   total 379904K, used 107008K [0x0000000702400000, 0x0000000800000000)
  region size 1024K, 22 young (22528K), 22 survivors (22528K)
 Metaspace       used 21824K, capacity 22589K, committed 22784K, reserved 1069056K
  class space    used 2174K, capacity 2453K, committed 2560K, reserved 1048576K
}
Event: 7.923 GC heap before
{Heap before GC invocations=16 (full 0):
 garbage-first heap   total 379904K, used 296448K [0x0000000702400000, 0x0000000800000000)
  region size 1024K, 207 young (211968K), 22 survivors (22528K)
 Metaspace       used 21837K, capacity 22589K, committed 22784K, reserved 1069056K
  class space    used 2174K, capacity 2453K, committed 2560K, reserved 1048576K
}

